<?xml version="1.0" encoding="UTF-8"?>
<!-- Generated by org.testng.reporters.JUnitXMLReporter -->
<testsuite hostname="AKLSSINHA" ignored="0" name="Test" tests="4" failures="4" timestamp="2020-10-04T16:47:48 NZDT" time="5.668" errors="0">
  <testcase name="VerifyUS1TC1" time="0.0" classname="com.qa.testcase.KiwiSaverCalctest">
    <failure type="org.testng.TestNGException" message="
Cannot inject @Test annotated Method [VerifyUS1TC1] with [class java.lang.String, class java.lang.String].
For more information on native dependency injection please refer to http://testng.org/doc/documentation-main.html#native-dependency-injection">
      <![CDATA[org.testng.TestNGException: 
Cannot inject @Test annotated Method [VerifyUS1TC1] with [class java.lang.String, class java.lang.String].
For more information on native dependency injection please refer to http://testng.org/doc/documentation-main.html#native-dependency-injection
at java.util.ArrayList.forEach(ArrayList.java:1257)
... Removed 26 stack frames]]>
    </failure>
  </testcase> <!-- VerifyUS1TC1 -->
  <testcase name="VerifyUS2TC2" time="0.0" classname="com.qa.testcase.KiwiSaverCalctest">
    <failure type="org.testng.TestNGException" message="
Cannot inject @Test annotated Method [VerifyUS2TC2] with [class java.lang.String, class java.lang.String, class java.lang.String, class java.lang.String, class java.lang.String].
For more information on native dependency injection please refer to http://testng.org/doc/documentation-main.html#native-dependency-injection">
      <![CDATA[org.testng.TestNGException: 
Cannot inject @Test annotated Method [VerifyUS2TC2] with [class java.lang.String, class java.lang.String, class java.lang.String, class java.lang.String, class java.lang.String].
For more information on native dependency injection please refer to http://testng.org/doc/documentation-main.html#native-dependency-injection
at java.util.ArrayList.forEach(ArrayList.java:1257)
... Removed 26 stack frames]]>
    </failure>
  </testcase> <!-- VerifyUS2TC2 -->
  <testcase name="VerifyUS2TC3" time="0.0" classname="com.qa.testcase.KiwiSaverCalctest">
    <failure type="org.testng.TestNGException" message="
Cannot inject @Test annotated Method [VerifyUS2TC3] with [class java.lang.String, class java.lang.String, class java.lang.String, class java.lang.String, class java.lang.String].
For more information on native dependency injection please refer to http://testng.org/doc/documentation-main.html#native-dependency-injection">
      <![CDATA[org.testng.TestNGException: 
Cannot inject @Test annotated Method [VerifyUS2TC3] with [class java.lang.String, class java.lang.String, class java.lang.String, class java.lang.String, class java.lang.String].
For more information on native dependency injection please refer to http://testng.org/doc/documentation-main.html#native-dependency-injection
at java.util.ArrayList.forEach(ArrayList.java:1257)
... Removed 26 stack frames]]>
    </failure>
  </testcase> <!-- VerifyUS2TC3 -->
  <testcase name="TC1_ShowInfoMessageForAge" time="0.005" classname="com.qa.testcase.KiwiSaverCalctest">
    <failure type="java.lang.NullPointerException">
      <![CDATA[java.lang.NullPointerException
at java.util.Objects.requireNonNull(Objects.java:203)
at org.openqa.selenium.interactions.Actions.<init>(Actions.java:65)
at com.qa.pages.KiwiSaverCalc.ClickonCalc(KiwiSaverCalc.java:105)
at com.qa.testcase.KiwiSaverCalctest.TC1_ShowInfoMessageForAge(KiwiSaverCalctest.java:41)
at java.util.ArrayList.forEach(ArrayList.java:1257)
... Removed 27 stack frames]]>
    </failure>
  </testcase> <!-- TC1_ShowInfoMessageForAge -->
</testsuite> <!-- Test -->
